<?xml version="1.0" encoding="UTF-8"?>
<!-- Generated by org.testng.reporters.JUnitReportReporter -->
<testsuite hostname="Aparna" failures="0" tests="1" name="com.sevenmart.tests.AdminUsersTest" time="4.971" errors="0" timestamp="2023-08-04T08:28:32 IST" skipped="0">
  <testcase classname="com.sevenmart.tests.AdminUsersTest" name="Verify_AddNewStaffUsers" time="4.971"/>
  <system-out/>
</testsuite> <!-- com.sevenmart.tests.AdminUsersTest -->
