<?xml version="1.0" encoding="UTF-8"?>
<!-- Generated by org.testng.reporters.JUnitReportReporter -->
<testsuite hostname="Aparna" failures="0" tests="1" name="com.sevenmart.tests.PushNotificationTest" time="95.734" errors="0" timestamp="2023-07-28T08:59:25 IST" skipped="0">
  <testcase classname="com.sevenmart.tests.PushNotificationTest" name="verify_PushNotification" time="95.734"/>
  <system-out/>
</testsuite> <!-- com.sevenmart.tests.PushNotificationTest -->
