<?xml version="1.0" encoding="UTF-8"?>
<!-- Generated by org.testng.reporters.JUnitReportReporter -->
<testsuite hostname="Aparna" failures="0" tests="1" name="com.sevenmart.tests.LoginTest" time="4.024" errors="0" timestamp="2023-07-29T09:53:07 IST" skipped="0">
  <testcase classname="com.sevenmart.tests.LoginTest" name="verify_InvalidUserLogin" time="4.024"/>
  <system-out/>
</testsuite> <!-- com.sevenmart.tests.LoginTest -->
