<?xml version="1.0" encoding="UTF-8"?>
<!-- Generated by org.testng.reporters.JUnitReportReporter -->
<testsuite hostname="Aparna" failures="0" tests="1" name="com.sevenmart.tests.LoginTest" time="88.463" errors="0" timestamp="2023-08-02T17:35:12 IST" skipped="0">
  <testcase classname="com.sevenmart.tests.LoginTest" name="verify_AdminUserLogin" time="88.463"/>
  <system-out/>
</testsuite> <!-- com.sevenmart.tests.LoginTest -->
