<?xml version="1.0" encoding="UTF-8"?>
<!-- Generated by org.testng.reporters.JUnitReportReporter -->
<testsuite hostname="Aparna" failures="0" tests="1" name="com.sevenmart.tests.ManageDeliveryBoyTest" time="91.528" errors="0" timestamp="2023-08-01T21:03:17 IST" skipped="0">
  <testcase classname="com.sevenmart.tests.ManageDeliveryBoyTest" name="verify_ResultforNonExistingDeliveryBoy" time="91.528"/>
  <system-out/>
</testsuite> <!-- com.sevenmart.tests.ManageDeliveryBoyTest -->
